<?xml version="1.0" encoding="UTF-8"?>
<testsuite xmlns:xsi="http://www.w3.org/2001/XMLSchema-instance" xsi:noNamespaceSchemaLocation="https://maven.apache.org/surefire/maven-surefire-plugin/xsd/surefire-test-report.xsd" version="3.0.2" name="com.Tawhidul.Tyse.TyseApplicationTests" time="4.134" tests="1" errors="0" skipped="0" failures="0">
  <properties>
[...]
</properties>
  <testcase name="contextLoads" classname="com.Tawhidul.Tyse.TyseApplicationTests" time="0.648">
    <system-out><![CDATA[17:26:10.336 [main] INFO org.springframework.test.context.support.AnnotationConfigContextLoaderUtils -- Could not detect default configuration classes for test class [com.Tawhidul.Tyse.TyseApplicationTests]: TyseApplicationTests does not declare any static, non-private, non-final, nested classes annotated with @Configuration.
17:26:10.464 [main] INFO org.springframework.boot.test.context.SpringBootTestContextBootstrapper -- Found @SpringBootConfiguration com.Tawhidul.Tyse.TyseApplication for test class com.Tawhidul.Tyse.TyseApplicationTests

  .   ____          _            __ _ _
 /\\ / ___'_ __ _ _(_)_ __  __ _ \ \ \ \
( ( )\___ | '_ | '_| | '_ \/ _` | \ \ \ \
 \\/  ___)| |_)| | | | | || (_| |  ) ) ) )
  '  |____| .__|_| |_|_| |_\__, | / / / /
 =========|_|==============|___/=/_/_/_/

 :: Spring Boot ::                (v4.0.3)

2026-07-03T17:26:10.893-04:00  INFO 24087 --- [Tyse] [           main] com.Tawhidul.Tyse.TyseApplicationTests   : Starting TyseApplicationTests using Java 21.0.6 with PID 24087 (started by tea in /home/tea/src/projects/tyse)
2026-07-03T17:26:10.895-04:00  INFO 24087 --- [Tyse] [           main] com.Tawhidul.Tyse.TyseApplicationTests   : No active profile set, falling back to 1 default profile: "default"
2026-07-03T17:26:11.753-04:00  INFO 24087 --- [Tyse] [           main] .s.d.r.c.RepositoryConfigurationDelegate : Multiple Spring Data modules found, entering strict repository configuration mode
2026-07-03T17:26:11.755-04:00  INFO 24087 --- [Tyse] [           main] .s.d.r.c.RepositoryConfigurationDelegate : Bootstrapping Spring Data Elasticsearch repositories in DEFAULT mode.
2026-07-03T17:26:11.779-04:00  INFO 24087 --- [Tyse] [           main] .s.d.r.c.RepositoryConfigurationDelegate : Finished Spring Data repository scanning in 14 ms. Found 0 Elasticsearch repository interfaces.
2026-07-03T17:26:13.405-04:00  INFO 24087 --- [Tyse] [           main] o.s.b.a.e.web.EndpointLinksResolver      : Exposing 1 endpoint beneath base path '/actuator'
2026-07-03T17:26:13.481-04:00  INFO 24087 --- [Tyse] [           main] com.Tawhidul.Tyse.TyseApplicationTests   : Started TyseApplicationTests in 2.859 seconds (process running for 4.129)
2026-07-03T17:26:13.582-04:00  INFO 24087 --- [Tyse] [           main] o.s.b.b.a.JobLauncherApplicationRunner   : Running default command line with: []
]]></system-out>
    <system-err><![CDATA[Mockito is currently self-attaching to enable the inline-mock-maker. This will no longer work in future releases of the JDK. Please add Mockito as an agent to your build as described in Mockito's documentation: https://javadoc.io/doc/org.mockito/mockito-core/latest/org.mockito/org/mockito/Mockito.html#0.3
WARNING: A Java agent has been loaded dynamically (/home/tea/.m2/repository/net/bytebuddy/byte-buddy-agent/1.17.8/byte-buddy-agent-1.17.8.jar)
WARNING: If a serviceability tool is in use, please run with -XX:+EnableDynamicAgentLoading to hide this warning
WARNING: If a serviceability tool is not in use, please run with -Djdk.instrument.traceUsage for more information
WARNING: Dynamic loading of agents will be disallowed by default in a future release
]]></system-err>
  </testcase>
</testsuite>